<?xml version="1.0" encoding="UTF-8"?>
<testng-results ignored="0" total="1" passed="1" failed="0" skipped="0">
  <reporter-output>
    <line>
      <![CDATA[dB is connected]]>
    </line>
    <line>
      <![CDATA[browser launched successfully]]>
    </line>
    <line>
      <![CDATA[login successfully]]>
    </line>
    <line>
      <![CDATA[Logout successfully]]>
    </line>
    <line>
      <![CDATA[browser close successfully]]>
    </line>
    <line>
      <![CDATA[dB id disconnected]]>
    </line>
  </reporter-output>
  <suite started-at="2023-05-11T11:17:25 IST" name="Default suite" finished-at="2023-05-11T11:18:37 IST" duration-ms="71624">
    <groups>
    </groups>
    <test started-at="2023-05-11T11:17:25 IST" name="Default test" finished-at="2023-05-11T11:18:37 IST" duration-ms="71624">
      <class name="com.actitime.Testscripts.Task">
        <test-method is-config="true" signature="databaseconnection()[pri:0, instance:com.actitime.Testscripts.Task@5119fb47]" started-at="2023-05-11T11:17:25 IST" name="databaseconnection" finished-at="2023-05-11T11:17:25 IST" duration-ms="8" status="PASS">
          <reporter-output>
            <line>
              <![CDATA[dB is connected]]>
            </line>
          </reporter-output>
        </test-method> <!-- databaseconnection -->
        <test-method is-config="true" signature="launchbrowser()[pri:0, instance:com.actitime.Testscripts.Task@5119fb47]" started-at="2023-05-11T11:17:25 IST" name="launchbrowser" finished-at="2023-05-11T11:17:51 IST" duration-ms="25304" status="PASS">
          <reporter-output>
            <line>
              <![CDATA[browser launched successfully]]>
            </line>
          </reporter-output>
        </test-method> <!-- launchbrowser -->
        <test-method is-config="true" signature="login()[pri:0, instance:com.actitime.Testscripts.Task@5119fb47]" started-at="2023-05-11T11:17:51 IST" name="login" finished-at="2023-05-11T11:17:52 IST" duration-ms="994" status="PASS">
          <reporter-output>
            <line>
              <![CDATA[login successfully]]>
            </line>
          </reporter-output>
        </test-method> <!-- login -->
        <test-method signature="createCustomer()[pri:0, instance:com.actitime.Testscripts.Task@5119fb47]" started-at="2023-05-11T11:17:52 IST" name="createCustomer" finished-at="2023-05-11T11:18:29 IST" duration-ms="37599" status="PASS">
          <reporter-output>
          </reporter-output>
        </test-method> <!-- createCustomer -->
        <test-method is-config="true" signature="logout()[pri:0, instance:com.actitime.Testscripts.Task@5119fb47]" started-at="2023-05-11T11:18:29 IST" name="logout" finished-at="2023-05-11T11:18:36 IST" duration-ms="6389" status="PASS">
          <reporter-output>
            <line>
              <![CDATA[Logout successfully]]>
            </line>
          </reporter-output>
        </test-method> <!-- logout -->
        <test-method is-config="true" signature="closebrowser()[pri:0, instance:com.actitime.Testscripts.Task@5119fb47]" started-at="2023-05-11T11:18:36 IST" name="closebrowser" finished-at="2023-05-11T11:18:37 IST" duration-ms="1252" status="PASS">
          <reporter-output>
            <line>
              <![CDATA[browser close successfully]]>
            </line>
          </reporter-output>
        </test-method> <!-- closebrowser -->
        <test-method is-config="true" signature="databaseDisconnect()[pri:0, instance:com.actitime.Testscripts.Task@5119fb47]" started-at="2023-05-11T11:18:37 IST" name="databaseDisconnect" finished-at="2023-05-11T11:18:37 IST" duration-ms="1" status="PASS">
          <reporter-output>
            <line>
              <![CDATA[dB id disconnected]]>
            </line>
          </reporter-output>
        </test-method> <!-- databaseDisconnect -->
      </class> <!-- com.actitime.Testscripts.Task -->
    </test> <!-- Default test -->
  </suite> <!-- Default suite -->
</testng-results>
